Qflow placement logfile created on Fri Nov 23 16:02:13 IST 2018
Running blif2cel to generate input files for graywolf
blif2cel.tcl --blif /home/kunalg/Desktop/work/tools/vsdflow/outdir_picorv32/synthesis/picorv32.blif  --lef  /usr/local/share/qflow/tech/osu018/osu018_stdcells.lef --cel /home/kunalg/Desktop/work/tools/vsdflow/outdir_picorv32/layout/picorv32.cel
Opened BLIF file (/home/kunalg/Desktop/work/tools/vsdflow/outdir_picorv32/synthesis/picorv32.blif) for reading ...
Opened CEL file (/home/kunalg/Desktop/work/tools/vsdflow/outdir_picorv32/layout/picorv32.cel) for writing...
Loaded /usr/local/share/qflow/tech/osu018/osu018_stdcells.lef file for reading...
1st pass of blif file /home/kunalg/Desktop/work/tools/vsdflow/outdir_picorv32/synthesis/picorv32.blif. . .
Reading macros and/or technology data from LEF file. . .
LEF file specifies route layer Y pitch as 1
LEF file specifies route layer X pitch as 0.8
Parsing macro AND2X2
Parsing macro AOI21X1
Parsing macro AOI22X1
Parsing macro BUFX2
Parsing macro NOR3X1
Parsing macro DFFPOSX1
Parsing macro INVX1
Parsing macro NAND2X1
Parsing macro NAND3X1
Parsing macro NOR2X1
Parsing macro OAI21X1
Parsing macro OAI22X1
Parsing macro OR2X2
Parsing macro XOR2X1
Parsing macro MUX2X1
Parsing macro XNOR2X1
Parsing macro CLKBUF1
2nd pass of blif file. . .
3rd pass of blif file. . .
Done!
No picorv32.cel1 file found for project. . . no partial blockages to apply to layout.
No picorv32.cel2 file found for project. . . continuing without pin placement hints
Running GrayWolf placement
graywolf  picorv32

twflow version:2.1 date:Mon May 25 21:15:08 EDT 1992
Authors: Bill Swartz, Carl Sechen
         Yale University

syntax version:v1.1 date:Mon May 25 21:11:10 EDT 1992
TimberWolf System Syntax Checker
Authors: Carl Sechen, Kai-Win Lee, Bill Swartz,
         Dahe Chen, and Jimmy Lam
         Yale University

Read   50 objects so far...
Read  100 objects so far...
Read  150 objects so far...
Read  200 objects so far...
Read  250 objects so far...
Read  300 objects so far...
Read  350 objects so far...
Read  400 objects so far...
Read  450 objects so far...
Read  500 objects so far...
Read  550 objects so far...
Read  600 objects so far...
Read  650 objects so far...
Read  700 objects so far...
Read  750 objects so far...
Read  800 objects so far...
Read  850 objects so far...
Read  900 objects so far...
Read  950 objects so far...
Read 1000 objects so far...
Read 1050 objects so far...
Read 1100 objects so far...
Read 1150 objects so far...
Read 1200 objects so far...
Read 1250 objects so far...
Read 1300 objects so far...
Read 1350 objects so far...
Read 1400 objects so far...
Read 1450 objects so far...
Read 1500 objects so far...
Read 1550 objects so far...
Read 1600 objects so far...
Read 1650 objects so far...
Read 1700 objects so far...
Read 1750 objects so far...
Read 1800 objects so far...
Read 1850 objects so far...
Read 1900 objects so far...
Read 1950 objects so far...
Read 2000 objects so far...
Read 2050 objects so far...
Read 2100 objects so far...
Read 2150 objects so far...
Read 2200 objects so far...
Read 2250 objects so far...
Read 2300 objects so far...
Read 2350 objects so far...
Read 2400 objects so far...
Read 2450 objects so far...
Read 2500 objects so far...
Read 2550 objects so far...
Read 2600 objects so far...
Read 2650 objects so far...
Read 2700 objects so far...
Read 2750 objects so far...
Read 2800 objects so far...
Read 2850 objects so far...
Read 2900 objects so far...
Read 2950 objects so far...
Read 3000 objects so far...
Read 3050 objects so far...
Read 3100 objects so far...
Read 3150 objects so far...
Read 3200 objects so far...
Read 3250 objects so far...
Read 3300 objects so far...
Read 3350 objects so far...
Read 3400 objects so far...
Read 3450 objects so far...
Read 3500 objects so far...
Read 3550 objects so far...
Read 3600 objects so far...
Read 3650 objects so far...
Read 3700 objects so far...
Read 3750 objects so far...
Read 3800 objects so far...
Read 3850 objects so far...
Read 3900 objects so far...
Read 3950 objects so far...
Read 4000 objects so far...
Read 4050 objects so far...
Read 4100 objects so far...
Read 4150 objects so far...
Read 4200 objects so far...
Read 4250 objects so far...
Read 4300 objects so far...
Read 4350 objects so far...
Read 4400 objects so far...
Read 4450 objects so far...
Read 4500 objects so far...
Read 4550 objects so far...
Read 4600 objects so far...
Read 4650 objects so far...
Read 4700 objects so far...
Read 4750 objects so far...
Read 4800 objects so far...
Read 4850 objects so far...
Read 4900 objects so far...
Read 4950 objects so far...
Read 5000 objects so far...
Read 5050 objects so far...
Read 5100 objects so far...
Read 5150 objects so far...
Read 5200 objects so far...
Read 5250 objects so far...
Read 5300 objects so far...
Read 5350 objects so far...
Read 5400 objects so far...
Read 5450 objects so far...
Read 5500 objects so far...
Read 5550 objects so far...
Read 5600 objects so far...
Read 5650 objects so far...
Read 5700 objects so far...
Read 5750 objects so far...
Read 5800 objects so far...
Read 5850 objects so far...
Read 5900 objects so far...
Read 5950 objects so far...
Read 6000 objects so far...
Read 6050 objects so far...
Read 6100 objects so far...
Read 6150 objects so far...
Read 6200 objects so far...
Read 6250 objects so far...
Read 6300 objects so far...
Read 6350 objects so far...
Read 6400 objects so far...
Read 6450 objects so far...
Read 6500 objects so far...
Read 6550 objects so far...
Read 6600 objects so far...
Read 6650 objects so far...
Read 6700 objects so far...
Read 6750 objects so far...
Read 6800 objects so far...
Read 6850 objects so far...
Read 6900 objects so far...
Read 6950 objects so far...
Read 7000 objects so far...
Read 7050 objects so far...
Read 7100 objects so far...
Read 7150 objects so far...
Read 7200 objects so far...
Read 7250 objects so far...
Read 7300 objects so far...
Read 7350 objects so far...
Read 7400 objects so far...
Read 7450 objects so far...
Read 7500 objects so far...
Read 7550 objects so far...
Read 7600 objects so far...
Read 7650 objects so far...
Read 7700 objects so far...
Read 7750 objects so far...
Read 7800 objects so far...
Read 7850 objects so far...
Read 7900 objects so far...
Read 7950 objects so far...
Read 8000 objects so far...
Read 8050 objects so far...
Read 8100 objects so far...
Read 8150 objects so far...
Read 8200 objects so far...
Read 8250 objects so far...
Read 8300 objects so far...
Read 8350 objects so far...
Read 8400 objects so far...
Read 8450 objects so far...
Read 8500 objects so far...
Read 8550 objects so far...
Read 8600 objects so far...
Read 8650 objects so far...
Read 8700 objects so far...
Read 8750 objects so far...
Read 8800 objects so far...
Read 8850 objects so far...
Read 8900 objects so far...
Read 8950 objects so far...
Read 9000 objects so far...
Read 9050 objects so far...
Read 9100 objects so far...
Read 9150 objects so far...
Read 9200 objects so far...
Read 9250 objects so far...
Read 9300 objects so far...
Read 9350 objects so far...
Read 9400 objects so far...
Read 9450 objects so far...
Read 9500 objects so far...
Read 9550 objects so far...
Read 9600 objects so far...
Read 9650 objects so far...
Read 9700 objects so far...
Read 9750 objects so far...
Read 9800 objects so far...
Read 9850 objects so far...
Read 9900 objects so far...
Read 9950 objects so far...
Read 10000 objects so far...
Read 10050 objects so far...
Read 10100 objects so far...
Read 10150 objects so far...
Read 10200 objects so far...
Read 10250 objects so far...
Read 10300 objects so far...
Read 10350 objects so far...
Read 10400 objects so far...
Read 10450 objects so far...
Read 10500 objects so far...
Read 10550 objects so far...
Read 10600 objects so far...
Read 10650 objects so far...
Read 10700 objects so far...
Read 10750 objects so far...
Read 10800 objects so far...
Read 10850 objects so far...
Read 10900 objects so far...
Read 10950 objects so far...
Read 11000 objects so far...
Read 11050 objects so far...
Read 11100 objects so far...
Read 11150 objects so far...
Read 11200 objects so far...
Read 11250 objects so far...
Read 11300 objects so far...
Read 11350 objects so far...
Read 11400 objects so far...
Read 11450 objects so far...
Read 11500 objects so far...
Read 11550 objects so far...
Read 11600 objects so far...
Read 11650 objects so far...
Read 11700 objects so far...
Read 11750 objects so far...
Read 11800 objects so far...
Read 11850 objects so far...
Read 11900 objects so far...
Read 11950 objects so far...
Read 12000 objects so far...
Read 12050 objects so far...
Read 12100 objects so far...
Read 12150 objects so far...
Read 12200 objects so far...
Read 12250 objects so far...
Read 12300 objects so far...
Read 12350 objects so far...
Read 12400 objects so far...
Read 12450 objects so far...
Read 12500 objects so far...
Read 12550 objects so far...
Read 12600 objects so far...
Read 12650 objects so far...
Read 12700 objects so far...
Read 12750 objects so far...
Read 12800 objects so far...
Read 12850 objects so far...
Read 12900 objects so far...
Read 12950 objects so far...
Read 13000 objects so far...
Read 13050 objects so far...
Read 13100 objects so far...
Read 13150 objects so far...
Read 13200 objects so far...
Read 13250 objects so far...
Read 13300 objects so far...
Read 13350 objects so far...
Read 13400 objects so far...
Read 13450 objects so far...
Read 13500 objects so far...
Read 13550 objects so far...
Read 13600 objects so far...
Read 13650 objects so far...
Read 13700 objects so far...
Read 13750 objects so far...
Read 13800 objects so far...
Read 13850 objects so far...
Read 13900 objects so far...
Read 13950 objects so far...
Read 14000 objects so far...
Read 14050 objects so far...
Read 14100 objects so far...
Read 14150 objects so far...
Read 14200 objects so far...
Read 14250 objects so far...
Read 14300 objects so far...
Read 14350 objects so far...
Read 14400 objects so far...
Read 14450 objects so far...
Read 14500 objects so far...
Read 14550 objects so far...
Read 14600 objects so far...
Read 14650 objects so far...
Read 14700 objects so far...
Read 14750 objects so far...
Read 14800 objects so far...
Read 14850 objects so far...
Read 14900 objects so far...
Read 14950 objects so far...
Read 15000 objects so far...
Read 15050 objects so far...
No syntax errors were found

syntax terminated normally with no errors and 0 warning[s]


nocut - replacement for Mincut version:v1.0 date:Mon May 25 21:09:40 EDT 1992
TimberWolf System Floorplan Setup Program
Authors: Carl Sechen, Bill Swartz,
         Yale University

Read   50 objects so far...
Read  100 objects so far...
Read  150 objects so far...
Read  200 objects so far...
Read  250 objects so far...
Read  300 objects so far...
Read  350 objects so far...
Read  400 objects so far...
Read  450 objects so far...
Read  500 objects so far...
Read  550 objects so far...
Read  600 objects so far...
Read  650 objects so far...
Read  700 objects so far...
Read  750 objects so far...
Read  800 objects so far...
Read  850 objects so far...
Read  900 objects so far...
Read  950 objects so far...
Read 1000 objects so far...
Read 1050 objects so far...
Read 1100 objects so far...
Read 1150 objects so far...
Read 1200 objects so far...
Read 1250 objects so far...
Read 1300 objects so far...
Read 1350 objects so far...
Read 1400 objects so far...
Read 1450 objects so far...
Read 1500 objects so far...
Read 1550 objects so far...
Read 1600 objects so far...
Read 1650 objects so far...
Read 1700 objects so far...
Read 1750 objects so far...
Read 1800 objects so far...
Read 1850 objects so far...
Read 1900 objects so far...
Read 1950 objects so far...
Read 2000 objects so far...
Read 2050 objects so far...
Read 2100 objects so far...
Read 2150 objects so far...
Read 2200 objects so far...
Read 2250 objects so far...
Read 2300 objects so far...
Read 2350 objects so far...
Read 2400 objects so far...
Read 2450 objects so far...
Read 2500 objects so far...
Read 2550 objects so far...
Read 2600 objects so far...
Read 2650 objects so far...
Read 2700 objects so far...
Read 2750 objects so far...
Read 2800 objects so far...
Read 2850 objects so far...
Read 2900 objects so far...
Read 2950 objects so far...
Read 3000 objects so far...
Read 3050 objects so far...
Read 3100 objects so far...
Read 3150 objects so far...
Read 3200 objects so far...
Read 3250 objects so far...
Read 3300 objects so far...
Read 3350 objects so far...
Read 3400 objects so far...
Read 3450 objects so far...
Read 3500 objects so far...
Read 3550 objects so far...
Read 3600 objects so far...
Read 3650 objects so far...
Read 3700 objects so far...
Read 3750 objects so far...
Read 3800 objects so far...
Read 3850 objects so far...
Read 3900 objects so far...
Read 3950 objects so far...
Read 4000 objects so far...
Read 4050 objects so far...
Read 4100 objects so far...
Read 4150 objects so far...
Read 4200 objects so far...
Read 4250 objects so far...
Read 4300 objects so far...
Read 4350 objects so far...
Read 4400 objects so far...
Read 4450 objects so far...
Read 4500 objects so far...
Read 4550 objects so far...
Read 4600 objects so far...
Read 4650 objects so far...
Read 4700 objects so far...
Read 4750 objects so far...
Read 4800 objects so far...
Read 4850 objects so far...
Read 4900 objects so far...
Read 4950 objects so far...
Read 5000 objects so far...
Read 5050 objects so far...
Read 5100 objects so far...
Read 5150 objects so far...
Read 5200 objects so far...
Read 5250 objects so far...
Read 5300 objects so far...
Read 5350 objects so far...
Read 5400 objects so far...
Read 5450 objects so far...
Read 5500 objects so far...
Read 5550 objects so far...
Read 5600 objects so far...
Read 5650 objects so far...
Read 5700 objects so far...
Read 5750 objects so far...
Read 5800 objects so far...
Read 5850 objects so far...
Read 5900 objects so far...
Read 5950 objects so far...
Read 6000 objects so far...
Read 6050 objects so far...
Read 6100 objects so far...
Read 6150 objects so far...
Read 6200 objects so far...
Read 6250 objects so far...
Read 6300 objects so far...
Read 6350 objects so far...
Read 6400 objects so far...
Read 6450 objects so far...
Read 6500 objects so far...
Read 6550 objects so far...
Read 6600 objects so far...
Read 6650 objects so far...
Read 6700 objects so far...
Read 6750 objects so far...
Read 6800 objects so far...
Read 6850 objects so far...
Read 6900 objects so far...
Read 6950 objects so far...
Read 7000 objects so far...
Read 7050 objects so far...
Read 7100 objects so far...
Read 7150 objects so far...
Read 7200 objects so far...
Read 7250 objects so far...
Read 7300 objects so far...
Read 7350 objects so far...
Read 7400 objects so far...
Read 7450 objects so far...
Read 7500 objects so far...
Read 7550 objects so far...
Read 7600 objects so far...
Read 7650 objects so far...
Read 7700 objects so far...
Read 7750 objects so far...
Read 7800 objects so far...
Read 7850 objects so far...
Read 7900 objects so far...
Read 7950 objects so far...
Read 8000 objects so far...
Read 8050 objects so far...
Read 8100 objects so far...
Read 8150 objects so far...
Read 8200 objects so far...
Read 8250 objects so far...
Read 8300 objects so far...
Read 8350 objects so far...
Read 8400 objects so far...
Read 8450 objects so far...
Read 8500 objects so far...
Read 8550 objects so far...
Read 8600 objects so far...
Read 8650 objects so far...
Read 8700 objects so far...
Read 8750 objects so far...
Read 8800 objects so far...
Read 8850 objects so far...
Read 8900 objects so far...
Read 8950 objects so far...
Read 9000 objects so far...
Read 9050 objects so far...
Read 9100 objects so far...
Read 9150 objects so far...
Read 9200 objects so far...
Read 9250 objects so far...
Read 9300 objects so far...
Read 9350 objects so far...
Read 9400 objects so far...
Read 9450 objects so far...
Read 9500 objects so far...
Read 9550 objects so far...
Read 9600 objects so far...
Read 9650 objects so far...
Read 9700 objects so far...
Read 9750 objects so far...
Read 9800 objects so far...
Read 9850 objects so far...
Read 9900 objects so far...
Read 9950 objects so far...
Read 10000 objects so far...
Read 10050 objects so far...
Read 10100 objects so far...
Read 10150 objects so far...
Read 10200 objects so far...
Read 10250 objects so far...
Read 10300 objects so far...
Read 10350 objects so far...
Read 10400 objects so far...
Read 10450 objects so far...
Read 10500 objects so far...
Read 10550 objects so far...
Read 10600 objects so far...
Read 10650 objects so far...
Read 10700 objects so far...
Read 10750 objects so far...
Read 10800 objects so far...
Read 10850 objects so far...
Read 10900 objects so far...
Read 10950 objects so far...
Read 11000 objects so far...
Read 11050 objects so far...
Read 11100 objects so far...
Read 11150 objects so far...
Read 11200 objects so far...
Read 11250 objects so far...
Read 11300 objects so far...
Read 11350 objects so far...
Read 11400 objects so far...
Read 11450 objects so far...
Read 11500 objects so far...
Read 11550 objects so far...
Read 11600 objects so far...
Read 11650 objects so far...
Read 11700 objects so far...
Read 11750 objects so far...
Read 11800 objects so far...
Read 11850 objects so far...
Read 11900 objects so far...
Read 11950 objects so far...
Read 12000 objects so far...
Read 12050 objects so far...
Read 12100 objects so far...
Read 12150 objects so far...
Read 12200 objects so far...
Read 12250 objects so far...
Read 12300 objects so far...
Read 12350 objects so far...
Read 12400 objects so far...
Read 12450 objects so far...
Read 12500 objects so far...
Read 12550 objects so far...
Read 12600 objects so far...
Read 12650 objects so far...
Read 12700 objects so far...
Read 12750 objects so far...
Read 12800 objects so far...
Read 12850 objects so far...
Read 12900 objects so far...
Read 12950 objects so far...
Read 13000 objects so far...
Read 13050 objects so far...
Read 13100 objects so far...
Read 13150 objects so far...
Read 13200 objects so far...
Read 13250 objects so far...
Read 13300 objects so far...
Read 13350 objects so far...
Read 13400 objects so far...
Read 13450 objects so far...
Read 13500 objects so far...
Read 13550 objects so far...
Read 13600 objects so far...
Read 13650 objects so far...
Read 13700 objects so far...
Read 13750 objects so far...
Read 13800 objects so far...
Read 13850 objects so far...
Read 13900 objects so far...
Read 13950 objects so far...
Read 14000 objects so far...
Read 14050 objects so far...
Read 14100 objects so far...
Read 14150 objects so far...
Re
----------------------------
Total stdcells     :14676
Total cell width   :5.29e+06
Total cell height  :1.47e+07
Total cell area    :5.29e+09
Total core area    :5.29e+09
Average cell height:1.00e+03

ad 14200 objects so far...
Read 14250 objects so far...
Read 14300 objects so far...
Read 14350 objects so far...
Read 14400 objects so far...
Read 14450 objects so far...
Read 14500 objects so far...
Read 14550 objects so far...
Read 14600 objects so far...
Read 14650 objects so far...
Read 14700 objects so far...
Read 14750 objects so far...
Read 14800 objects so far...
Read 14850 objects so far...
Read 14900 objects so far...
Read 14950 objects so far...
Read 15000 objects so far...
Read 15050 objects so far...
Splitting picorv32.cel into picorv32.scel and picorv32.mcel...
	done!


nocut - replacement for Mincut terminated normally with no errors and 0 warning[s]


TimberWolfMC version:v2.2 date:Mon May 25 21:18:34 EDT 1992
Authors: Carl Sechen, Bill Swartz, Kai-Win Lee
         Dahe Chen, and Jimmy Lam
         Yale University

config version:v1.0 date:Mon May 25 20:57:18 EDT 1992
Row configuration program
    Yale University


config switches:
	Graphics mode on
	config will inherit window



config terminated normally with no errors and 0 warning[s]


TimberWolfMC terminated normally with no errors and 0 warning[s]



TimberWolfSC switches:
	Graphics mode on
	TimberWolfSC will inherit window

TimberWolfSC version:v6.0 date:Mon May 25 21:19:07 EDT 1992
Row-Based Placement and Global Routing Program
Authors: Carl Sechen, Kai-Win Lee, and Bill Swartz,
         Yale University

twflow terminated abnormally with 1 error[s] and 0 warning[s]

