Vesta static timing analysis, pin-to-register and register-to-pin maximum timing

Top 20 maximum delay paths:
Path input pin resetn to DFFPOSX1_24/D delay 3070.86 ps
      0.0 ps           resetn:               ->   BUFX2_838/A
    223.6 ps  resetn_bF_buf11:   BUFX2_838/Y ->     INVX1_2/A
    504.3 ps           _4426_:     INVX1_2/Y ->  BUFX2_1282/A
    783.6 ps   _4426__bF_buf6:  BUFX2_1282/Y ->   NOR2X1_16/A
    905.8 ps           _4474_:   NOR2X1_16/Y ->  OAI21X1_34/C
    983.1 ps           _4630_:  OAI21X1_34/Y ->   NOR2X1_70/A
   1110.8 ps           _4631_:   NOR2X1_70/Y ->    INVX1_67/A
   1310.5 ps           _4632_:    INVX1_67/Y ->  BUFX2_1135/A
   1542.2 ps   _4632__bF_buf1:  BUFX2_1135/Y ->  NOR2X1_254/B
   1651.0 ps           _5705_:  NOR2X1_254/Y ->   INVX1_328/A
   1886.2 ps           _5706_:   INVX1_328/Y ->   BUFX2_654/A
   2183.8 ps  _5706__bF_buf11:   BUFX2_654/Y ->  NOR2X1_255/B
   2337.3 ps           _5707_:  NOR2X1_255/Y ->   BUFX2_196/A
   2512.9 ps   _5707__bF_buf2:   BUFX2_196/Y ->   INVX1_331/A
   2625.3 ps           _5715_:   INVX1_331/Y ->   BUFX2_478/A
   2789.4 ps   _5715__bF_buf0:   BUFX2_478/Y -> OAI21X1_473/B
   2876.0 ps            _241_: OAI21X1_473/Y -> DFFPOSX1_24/D

   setup at destination = 194.904

Path input pin resetn to DFFPOSX1_13/D delay 3070.86 ps
      0.0 ps           resetn:               ->   BUFX2_838/A
    223.6 ps  resetn_bF_buf11:   BUFX2_838/Y ->     INVX1_2/A
    504.3 ps           _4426_:     INVX1_2/Y ->  BUFX2_1282/A
    783.6 ps   _4426__bF_buf6:  BUFX2_1282/Y ->   NOR2X1_16/A
    905.8 ps           _4474_:   NOR2X1_16/Y ->  OAI21X1_34/C
    983.1 ps           _4630_:  OAI21X1_34/Y ->   NOR2X1_70/A
   1110.8 ps           _4631_:   NOR2X1_70/Y ->    INVX1_67/A
   1310.5 ps           _4632_:    INVX1_67/Y ->  BUFX2_1135/A
   1542.2 ps   _4632__bF_buf1:  BUFX2_1135/Y ->  NOR2X1_254/B
   1651.0 ps           _5705_:  NOR2X1_254/Y ->   INVX1_328/A
   1886.2 ps           _5706_:   INVX1_328/Y ->   BUFX2_654/A
   2183.8 ps  _5706__bF_buf11:   BUFX2_654/Y ->  NOR2X1_255/B
   2337.3 ps           _5707_:  NOR2X1_255/Y ->   BUFX2_196/A
   2512.9 ps   _5707__bF_buf2:   BUFX2_196/Y ->   INVX1_331/A
   2625.3 ps           _5715_:   INVX1_331/Y ->   BUFX2_475/A
   2789.4 ps   _5715__bF_buf3:   BUFX2_475/Y -> OAI21X1_451/B
   2876.0 ps            _230_: OAI21X1_451/Y -> DFFPOSX1_13/D

   setup at destination = 194.904

Path input pin resetn to DFFPOSX1_25/D delay 3070.86 ps
      0.0 ps           resetn:               ->   BUFX2_838/A
    223.6 ps  resetn_bF_buf11:   BUFX2_838/Y ->     INVX1_2/A
    504.3 ps           _4426_:     INVX1_2/Y ->  BUFX2_1282/A
    783.6 ps   _4426__bF_buf6:  BUFX2_1282/Y ->   NOR2X1_16/A
    905.8 ps           _4474_:   NOR2X1_16/Y ->  OAI21X1_34/C
    983.1 ps           _4630_:  OAI21X1_34/Y ->   NOR2X1_70/A
   1110.8 ps           _4631_:   NOR2X1_70/Y ->    INVX1_67/A
   1310.5 ps           _4632_:    INVX1_67/Y ->  BUFX2_1135/A
   1542.2 ps   _4632__bF_buf1:  BUFX2_1135/Y ->  NOR2X1_254/B
   1651.0 ps           _5705_:  NOR2X1_254/Y ->   INVX1_328/A
   1886.2 ps           _5706_:   INVX1_328/Y ->   BUFX2_654/A
   2183.8 ps  _5706__bF_buf11:   BUFX2_654/Y ->  NOR2X1_255/B
   2337.3 ps           _5707_:  NOR2X1_255/Y ->   BUFX2_196/A
   2512.9 ps   _5707__bF_buf2:   BUFX2_196/Y ->   INVX1_331/A
   2625.3 ps           _5715_:   INVX1_331/Y ->   BUFX2_475/A
   2789.4 ps   _5715__bF_buf3:   BUFX2_475/Y -> OAI21X1_475/B
   2876.0 ps            _242_: OAI21X1_475/Y -> DFFPOSX1_25/D

   setup at destination = 194.904

Path input pin resetn to DFFPOSX1_14/D delay 3070.86 ps
      0.0 ps           resetn:               ->   BUFX2_838/A
    223.6 ps  resetn_bF_buf11:   BUFX2_838/Y ->     INVX1_2/A
    504.3 ps           _4426_:     INVX1_2/Y ->  BUFX2_1282/A
    783.6 ps   _4426__bF_buf6:  BUFX2_1282/Y ->   NOR2X1_16/A
    905.8 ps           _4474_:   NOR2X1_16/Y ->  OAI21X1_34/C
    983.1 ps           _4630_:  OAI21X1_34/Y ->   NOR2X1_70/A
   1110.8 ps           _4631_:   NOR2X1_70/Y ->    INVX1_67/A
   1310.5 ps           _4632_:    INVX1_67/Y ->  BUFX2_1135/A
   1542.2 ps   _4632__bF_buf1:  BUFX2_1135/Y ->  NOR2X1_254/B
   1651.0 ps           _5705_:  NOR2X1_254/Y ->   INVX1_328/A
   1886.2 ps           _5706_:   INVX1_328/Y ->   BUFX2_654/A
   2183.8 ps  _5706__bF_buf11:   BUFX2_654/Y ->  NOR2X1_255/B
   2337.3 ps           _5707_:  NOR2X1_255/Y ->   BUFX2_196/A
   2512.9 ps   _5707__bF_buf2:   BUFX2_196/Y ->   INVX1_331/A
   2625.3 ps           _5715_:   INVX1_331/Y ->   BUFX2_476/A
   2789.4 ps   _5715__bF_buf2:   BUFX2_476/Y -> OAI21X1_453/B
   2876.0 ps            _231_: OAI21X1_453/Y -> DFFPOSX1_14/D

   setup at destination = 194.904

Path input pin resetn to DFFPOSX1_26/D delay 3070.86 ps
      0.0 ps           resetn:               ->   BUFX2_838/A
    223.6 ps  resetn_bF_buf11:   BUFX2_838/Y ->     INVX1_2/A
    504.3 ps           _4426_:     INVX1_2/Y ->  BUFX2_1282/A
    783.6 ps   _4426__bF_buf6:  BUFX2_1282/Y ->   NOR2X1_16/A
    905.8 ps           _4474_:   NOR2X1_16/Y ->  OAI21X1_34/C
    983.1 ps           _4630_:  OAI21X1_34/Y ->   NOR2X1_70/A
   1110.8 ps           _4631_:   NOR2X1_70/Y ->    INVX1_67/A
   1310.5 ps           _4632_:    INVX1_67/Y ->  BUFX2_1135/A
   1542.2 ps   _4632__bF_buf1:  BUFX2_1135/Y ->  NOR2X1_254/B
   1651.0 ps           _5705_:  NOR2X1_254/Y ->   INVX1_328/A
   1886.2 ps           _5706_:   INVX1_328/Y ->   BUFX2_654/A
   2183.8 ps  _5706__bF_buf11:   BUFX2_654/Y ->  NOR2X1_255/B
   2337.3 ps           _5707_:  NOR2X1_255/Y ->   BUFX2_196/A
   2512.9 ps   _5707__bF_buf2:   BUFX2_196/Y ->   INVX1_331/A
   2625.3 ps           _5715_:   INVX1_331/Y ->   BUFX2_476/A
   2789.4 ps   _5715__bF_buf2:   BUFX2_476/Y -> OAI21X1_477/B
   2876.0 ps            _243_: OAI21X1_477/Y -> DFFPOSX1_26/D

   setup at destination = 194.904

Path input pin resetn to DFFPOSX1_15/D delay 3070.86 ps
      0.0 ps           resetn:               ->   BUFX2_838/A
    223.6 ps  resetn_bF_buf11:   BUFX2_838/Y ->     INVX1_2/A
    504.3 ps           _4426_:     INVX1_2/Y ->  BUFX2_1282/A
    783.6 ps   _4426__bF_buf6:  BUFX2_1282/Y ->   NOR2X1_16/A
    905.8 ps           _4474_:   NOR2X1_16/Y ->  OAI21X1_34/C
    983.1 ps           _4630_:  OAI21X1_34/Y ->   NOR2X1_70/A
   1110.8 ps           _4631_:   NOR2X1_70/Y ->    INVX1_67/A
   1310.5 ps           _4632_:    INVX1_67/Y ->  BUFX2_1135/A
   1542.2 ps   _4632__bF_buf1:  BUFX2_1135/Y ->  NOR2X1_254/B
   1651.0 ps           _5705_:  NOR2X1_254/Y ->   INVX1_328/A
   1886.2 ps           _5706_:   INVX1_328/Y ->   BUFX2_654/A
   2183.8 ps  _5706__bF_buf11:   BUFX2_654/Y ->  NOR2X1_255/B
   2337.3 ps           _5707_:  NOR2X1_255/Y ->   BUFX2_196/A
   2512.9 ps   _5707__bF_buf2:   BUFX2_196/Y ->   INVX1_331/A
   2625.3 ps           _5715_:   INVX1_331/Y ->   BUFX2_477/A
   2789.4 ps   _5715__bF_buf1:   BUFX2_477/Y -> OAI21X1_455/B
   2876.0 ps            _232_: OAI21X1_455/Y -> DFFPOSX1_15/D

   setup at destination = 194.904

Path input pin resetn to DFFPOSX1_27/D delay 3070.86 ps
      0.0 ps           resetn:               ->   BUFX2_838/A
    223.6 ps  resetn_bF_buf11:   BUFX2_838/Y ->     INVX1_2/A
    504.3 ps           _4426_:     INVX1_2/Y ->  BUFX2_1282/A
    783.6 ps   _4426__bF_buf6:  BUFX2_1282/Y ->   NOR2X1_16/A
    905.8 ps           _4474_:   NOR2X1_16/Y ->  OAI21X1_34/C
    983.1 ps           _4630_:  OAI21X1_34/Y ->   NOR2X1_70/A
   1110.8 ps           _4631_:   NOR2X1_70/Y ->    INVX1_67/A
   1310.5 ps           _4632_:    INVX1_67/Y ->  BUFX2_1135/A
   1542.2 ps   _4632__bF_buf1:  BUFX2_1135/Y ->  NOR2X1_254/B
   1651.0 ps           _5705_:  NOR2X1_254/Y ->   INVX1_328/A
   1886.2 ps           _5706_:   INVX1_328/Y ->   BUFX2_654/A
   2183.8 ps  _5706__bF_buf11:   BUFX2_654/Y ->  NOR2X1_255/B
   2337.3 ps           _5707_:  NOR2X1_255/Y ->   BUFX2_196/A
   2512.9 ps   _5707__bF_buf2:   BUFX2_196/Y ->   INVX1_331/A
   2625.3 ps           _5715_:   INVX1_331/Y ->   BUFX2_477/A
   2789.4 ps   _5715__bF_buf1:   BUFX2_477/Y -> OAI21X1_479/B
   2876.0 ps            _244_: OAI21X1_479/Y -> DFFPOSX1_27/D

   setup at destination = 194.904

Path input pin resetn to DFFPOSX1_16/D delay 3070.86 ps
      0.0 ps           resetn:               ->   BUFX2_838/A
    223.6 ps  resetn_bF_buf11:   BUFX2_838/Y ->     INVX1_2/A
    504.3 ps           _4426_:     INVX1_2/Y ->  BUFX2_1282/A
    783.6 ps   _4426__bF_buf6:  BUFX2_1282/Y ->   NOR2X1_16/A
    905.8 ps           _4474_:   NOR2X1_16/Y ->  OAI21X1_34/C
    983.1 ps           _4630_:  OAI21X1_34/Y ->   NOR2X1_70/A
   1110.8 ps           _4631_:   NOR2X1_70/Y ->    INVX1_67/A
   1310.5 ps           _4632_:    INVX1_67/Y ->  BUFX2_1135/A
   1542.2 ps   _4632__bF_buf1:  BUFX2_1135/Y ->  NOR2X1_254/B
   1651.0 ps           _5705_:  NOR2X1_254/Y ->   INVX1_328/A
   1886.2 ps           _5706_:   INVX1_328/Y ->   BUFX2_654/A
   2183.8 ps  _5706__bF_buf11:   BUFX2_654/Y ->  NOR2X1_255/B
   2337.3 ps           _5707_:  NOR2X1_255/Y ->   BUFX2_196/A
   2512.9 ps   _5707__bF_buf2:   BUFX2_196/Y ->   INVX1_331/A
   2625.3 ps           _5715_:   INVX1_331/Y ->   BUFX2_478/A
   2789.4 ps   _5715__bF_buf0:   BUFX2_478/Y -> OAI21X1_457/B
   2876.0 ps            _233_: OAI21X1_457/Y -> DFFPOSX1_16/D

   setup at destination = 194.904

Path input pin resetn to DFFPOSX1_28/D delay 3070.86 ps
      0.0 ps           resetn:               ->   BUFX2_838/A
    223.6 ps  resetn_bF_buf11:   BUFX2_838/Y ->     INVX1_2/A
    504.3 ps           _4426_:     INVX1_2/Y ->  BUFX2_1282/A
    783.6 ps   _4426__bF_buf6:  BUFX2_1282/Y ->   NOR2X1_16/A
    905.8 ps           _4474_:   NOR2X1_16/Y ->  OAI21X1_34/C
    983.1 ps           _4630_:  OAI21X1_34/Y ->   NOR2X1_70/A
   1110.8 ps           _4631_:   NOR2X1_70/Y ->    INVX1_67/A
   1310.5 ps           _4632_:    INVX1_67/Y ->  BUFX2_1135/A
   1542.2 ps   _4632__bF_buf1:  BUFX2_1135/Y ->  NOR2X1_254/B
   1651.0 ps           _5705_:  NOR2X1_254/Y ->   INVX1_328/A
   1886.2 ps           _5706_:   INVX1_328/Y ->   BUFX2_654/A
   2183.8 ps  _5706__bF_buf11:   BUFX2_654/Y ->  NOR2X1_255/B
   2337.3 ps           _5707_:  NOR2X1_255/Y ->   BUFX2_196/A
   2512.9 ps   _5707__bF_buf2:   BUFX2_196/Y ->   INVX1_331/A
   2625.3 ps           _5715_:   INVX1_331/Y ->   BUFX2_478/A
   2789.4 ps   _5715__bF_buf0:   BUFX2_478/Y -> OAI21X1_481/B
   2876.0 ps            _245_: OAI21X1_481/Y -> DFFPOSX1_28/D

   setup at destination = 194.904

Path input pin resetn to DFFPOSX1_17/D delay 3070.86 ps
      0.0 ps           resetn:               ->   BUFX2_838/A
    223.6 ps  resetn_bF_buf11:   BUFX2_838/Y ->     INVX1_2/A
    504.3 ps           _4426_:     INVX1_2/Y ->  BUFX2_1282/A
    783.6 ps   _4426__bF_buf6:  BUFX2_1282/Y ->   NOR2X1_16/A
    905.8 ps           _4474_:   NOR2X1_16/Y ->  OAI21X1_34/C
    983.1 ps           _4630_:  OAI21X1_34/Y ->   NOR2X1_70/A
   1110.8 ps           _4631_:   NOR2X1_70/Y ->    INVX1_67/A
   1310.5 ps           _4632_:    INVX1_67/Y ->  BUFX2_1135/A
   1542.2 ps   _4632__bF_buf1:  BUFX2_1135/Y ->  NOR2X1_254/B
   1651.0 ps           _5705_:  NOR2X1_254/Y ->   INVX1_328/A
   1886.2 ps           _5706_:   INVX1_328/Y ->   BUFX2_654/A
   2183.8 ps  _5706__bF_buf11:   BUFX2_654/Y ->  NOR2X1_255/B
   2337.3 ps           _5707_:  NOR2X1_255/Y ->   BUFX2_196/A
   2512.9 ps   _5707__bF_buf2:   BUFX2_196/Y ->   INVX1_331/A
   2625.3 ps           _5715_:   INVX1_331/Y ->   BUFX2_475/A
   2789.4 ps   _5715__bF_buf3:   BUFX2_475/Y -> OAI21X1_459/B
   2876.0 ps            _234_: OAI21X1_459/Y -> DFFPOSX1_17/D

   setup at destination = 194.904

Path input pin resetn to DFFPOSX1_29/D delay 3070.86 ps
      0.0 ps           resetn:               ->   BUFX2_838/A
    223.6 ps  resetn_bF_buf11:   BUFX2_838/Y ->     INVX1_2/A
    504.3 ps           _4426_:     INVX1_2/Y ->  BUFX2_1282/A
    783.6 ps   _4426__bF_buf6:  BUFX2_1282/Y ->   NOR2X1_16/A
    905.8 ps           _4474_:   NOR2X1_16/Y ->  OAI21X1_34/C
    983.1 ps           _4630_:  OAI21X1_34/Y ->   NOR2X1_70/A
   1110.8 ps           _4631_:   NOR2X1_70/Y ->    INVX1_67/A
   1310.5 ps           _4632_:    INVX1_67/Y ->  BUFX2_1135/A
   1542.2 ps   _4632__bF_buf1:  BUFX2_1135/Y ->  NOR2X1_254/B
   1651.0 ps           _5705_:  NOR2X1_254/Y ->   INVX1_328/A
   1886.2 ps           _5706_:   INVX1_328/Y ->   BUFX2_654/A
   2183.8 ps  _5706__bF_buf11:   BUFX2_654/Y ->  NOR2X1_255/B
   2337.3 ps           _5707_:  NOR2X1_255/Y ->   BUFX2_196/A
   2512.9 ps   _5707__bF_buf2:   BUFX2_196/Y ->   INVX1_331/A
   2625.3 ps           _5715_:   INVX1_331/Y ->   BUFX2_475/A
   2789.4 ps   _5715__bF_buf3:   BUFX2_475/Y -> OAI21X1_483/B
   2876.0 ps            _246_: OAI21X1_483/Y -> DFFPOSX1_29/D

   setup at destination = 194.904

Path input pin resetn to DFFPOSX1_18/D delay 3070.86 ps
      0.0 ps           resetn:               ->   BUFX2_838/A
    223.6 ps  resetn_bF_buf11:   BUFX2_838/Y ->     INVX1_2/A
    504.3 ps           _4426_:     INVX1_2/Y ->  BUFX2_1282/A
    783.6 ps   _4426__bF_buf6:  BUFX2_1282/Y ->   NOR2X1_16/A
    905.8 ps           _4474_:   NOR2X1_16/Y ->  OAI21X1_34/C
    983.1 ps           _4630_:  OAI21X1_34/Y ->   NOR2X1_70/A
   1110.8 ps           _4631_:   NOR2X1_70/Y ->    INVX1_67/A
   1310.5 ps           _4632_:    INVX1_67/Y ->  BUFX2_1135/A
   1542.2 ps   _4632__bF_buf1:  BUFX2_1135/Y ->  NOR2X1_254/B
   1651.0 ps           _5705_:  NOR2X1_254/Y ->   INVX1_328/A
   1886.2 ps           _5706_:   INVX1_328/Y ->   BUFX2_654/A
   2183.8 ps  _5706__bF_buf11:   BUFX2_654/Y ->  NOR2X1_255/B
   2337.3 ps           _5707_:  NOR2X1_255/Y ->   BUFX2_196/A
   2512.9 ps   _5707__bF_buf2:   BUFX2_196/Y ->   INVX1_331/A
   2625.3 ps           _5715_:   INVX1_331/Y ->   BUFX2_476/A
   2789.4 ps   _5715__bF_buf2:   BUFX2_476/Y -> OAI21X1_461/B
   2876.0 ps            _235_: OAI21X1_461/Y -> DFFPOSX1_18/D

   setup at destination = 194.904

Path input pin resetn to DFFPOSX1_30/D delay 3070.86 ps
      0.0 ps           resetn:               ->   BUFX2_838/A
    223.6 ps  resetn_bF_buf11:   BUFX2_838/Y ->     INVX1_2/A
    504.3 ps           _4426_:     INVX1_2/Y ->  BUFX2_1282/A
    783.6 ps   _4426__bF_buf6:  BUFX2_1282/Y ->   NOR2X1_16/A
    905.8 ps           _4474_:   NOR2X1_16/Y ->  OAI21X1_34/C
    983.1 ps           _4630_:  OAI21X1_34/Y ->   NOR2X1_70/A
   1110.8 ps           _4631_:   NOR2X1_70/Y ->    INVX1_67/A
   1310.5 ps           _4632_:    INVX1_67/Y ->  BUFX2_1135/A
   1542.2 ps   _4632__bF_buf1:  BUFX2_1135/Y ->  NOR2X1_254/B
   1651.0 ps           _5705_:  NOR2X1_254/Y ->   INVX1_328/A
   1886.2 ps           _5706_:   INVX1_328/Y ->   BUFX2_654/A
   2183.8 ps  _5706__bF_buf11:   BUFX2_654/Y ->  NOR2X1_255/B
   2337.3 ps           _5707_:  NOR2X1_255/Y ->   BUFX2_196/A
   2512.9 ps   _5707__bF_buf2:   BUFX2_196/Y ->   INVX1_331/A
   2625.3 ps           _5715_:   INVX1_331/Y ->   BUFX2_476/A
   2789.4 ps   _5715__bF_buf2:   BUFX2_476/Y -> OAI21X1_485/B
   2876.0 ps            _247_: OAI21X1_485/Y -> DFFPOSX1_30/D

   setup at destination = 194.904

Path input pin resetn to DFFPOSX1_19/D delay 3070.86 ps
      0.0 ps           resetn:               ->   BUFX2_838/A
    223.6 ps  resetn_bF_buf11:   BUFX2_838/Y ->     INVX1_2/A
    504.3 ps           _4426_:     INVX1_2/Y ->  BUFX2_1282/A
    783.6 ps   _4426__bF_buf6:  BUFX2_1282/Y ->   NOR2X1_16/A
    905.8 ps           _4474_:   NOR2X1_16/Y ->  OAI21X1_34/C
    983.1 ps           _4630_:  OAI21X1_34/Y ->   NOR2X1_70/A
   1110.8 ps           _4631_:   NOR2X1_70/Y ->    INVX1_67/A
   1310.5 ps           _4632_:    INVX1_67/Y ->  BUFX2_1135/A
   1542.2 ps   _4632__bF_buf1:  BUFX2_1135/Y ->  NOR2X1_254/B
   1651.0 ps           _5705_:  NOR2X1_254/Y ->   INVX1_328/A
   1886.2 ps           _5706_:   INVX1_328/Y ->   BUFX2_654/A
   2183.8 ps  _5706__bF_buf11:   BUFX2_654/Y ->  NOR2X1_255/B
   2337.3 ps           _5707_:  NOR2X1_255/Y ->   BUFX2_196/A
   2512.9 ps   _5707__bF_buf2:   BUFX2_196/Y ->   INVX1_331/A
   2625.3 ps           _5715_:   INVX1_331/Y ->   BUFX2_477/A
   2789.4 ps   _5715__bF_buf1:   BUFX2_477/Y -> OAI21X1_463/B
   2876.0 ps            _236_: OAI21X1_463/Y -> DFFPOSX1_19/D

   setup at destination = 194.904

Path input pin resetn to DFFPOSX1_31/D delay 3070.86 ps
      0.0 ps           resetn:               ->   BUFX2_838/A
    223.6 ps  resetn_bF_buf11:   BUFX2_838/Y ->     INVX1_2/A
    504.3 ps           _4426_:     INVX1_2/Y ->  BUFX2_1282/A
    783.6 ps   _4426__bF_buf6:  BUFX2_1282/Y ->   NOR2X1_16/A
    905.8 ps           _4474_:   NOR2X1_16/Y ->  OAI21X1_34/C
    983.1 ps           _4630_:  OAI21X1_34/Y ->   NOR2X1_70/A
   1110.8 ps           _4631_:   NOR2X1_70/Y ->    INVX1_67/A
   1310.5 ps           _4632_:    INVX1_67/Y ->  BUFX2_1135/A
   1542.2 ps   _4632__bF_buf1:  BUFX2_1135/Y ->  NOR2X1_254/B
   1651.0 ps           _5705_:  NOR2X1_254/Y ->   INVX1_328/A
   1886.2 ps           _5706_:   INVX1_328/Y ->   BUFX2_654/A
   2183.8 ps  _5706__bF_buf11:   BUFX2_654/Y ->  NOR2X1_255/B
   2337.3 ps           _5707_:  NOR2X1_255/Y ->   BUFX2_196/A
   2512.9 ps   _5707__bF_buf2:   BUFX2_196/Y ->   INVX1_331/A
   2625.3 ps           _5715_:   INVX1_331/Y ->   BUFX2_477/A
   2789.4 ps   _5715__bF_buf1:   BUFX2_477/Y -> OAI21X1_487/B
   2876.0 ps            _248_: OAI21X1_487/Y -> DFFPOSX1_31/D

   setup at destination = 194.904

Path input pin resetn to DFFPOSX1_20/D delay 3070.86 ps
      0.0 ps           resetn:               ->   BUFX2_838/A
    223.6 ps  resetn_bF_buf11:   BUFX2_838/Y ->     INVX1_2/A
    504.3 ps           _4426_:     INVX1_2/Y ->  BUFX2_1282/A
    783.6 ps   _4426__bF_buf6:  BUFX2_1282/Y ->   NOR2X1_16/A
    905.8 ps           _4474_:   NOR2X1_16/Y ->  OAI21X1_34/C
    983.1 ps           _4630_:  OAI21X1_34/Y ->   NOR2X1_70/A
   1110.8 ps           _4631_:   NOR2X1_70/Y ->    INVX1_67/A
   1310.5 ps           _4632_:    INVX1_67/Y ->  BUFX2_1135/A
   1542.2 ps   _4632__bF_buf1:  BUFX2_1135/Y ->  NOR2X1_254/B
   1651.0 ps           _5705_:  NOR2X1_254/Y ->   INVX1_328/A
   1886.2 ps           _5706_:   INVX1_328/Y ->   BUFX2_654/A
   2183.8 ps  _5706__bF_buf11:   BUFX2_654/Y ->  NOR2X1_255/B
   2337.3 ps           _5707_:  NOR2X1_255/Y ->   BUFX2_196/A
   2512.9 ps   _5707__bF_buf2:   BUFX2_196/Y ->   INVX1_331/A
   2625.3 ps           _5715_:   INVX1_331/Y ->   BUFX2_478/A
   2789.4 ps   _5715__bF_buf0:   BUFX2_478/Y -> OAI21X1_465/B
   2876.0 ps            _237_: OAI21X1_465/Y -> DFFPOSX1_20/D

   setup at destination = 194.904

Path input pin resetn to DFFPOSX1_32/D delay 3070.86 ps
      0.0 ps           resetn:               ->   BUFX2_838/A
    223.6 ps  resetn_bF_buf11:   BUFX2_838/Y ->     INVX1_2/A
    504.3 ps           _4426_:     INVX1_2/Y ->  BUFX2_1282/A
    783.6 ps   _4426__bF_buf6:  BUFX2_1282/Y ->   NOR2X1_16/A
    905.8 ps           _4474_:   NOR2X1_16/Y ->  OAI21X1_34/C
    983.1 ps           _4630_:  OAI21X1_34/Y ->   NOR2X1_70/A
   1110.8 ps           _4631_:   NOR2X1_70/Y ->    INVX1_67/A
   1310.5 ps           _4632_:    INVX1_67/Y ->  BUFX2_1135/A
   1542.2 ps   _4632__bF_buf1:  BUFX2_1135/Y ->  NOR2X1_254/B
   1651.0 ps           _5705_:  NOR2X1_254/Y ->   INVX1_328/A
   1886.2 ps           _5706_:   INVX1_328/Y ->   BUFX2_654/A
   2183.8 ps  _5706__bF_buf11:   BUFX2_654/Y ->  NOR2X1_255/B
   2337.3 ps           _5707_:  NOR2X1_255/Y ->   BUFX2_196/A
   2512.9 ps   _5707__bF_buf2:   BUFX2_196/Y ->   INVX1_331/A
   2625.3 ps           _5715_:   INVX1_331/Y ->   BUFX2_478/A
   2789.4 ps   _5715__bF_buf0:   BUFX2_478/Y -> OAI21X1_489/B
   2876.0 ps            _249_: OAI21X1_489/Y -> DFFPOSX1_32/D

   setup at destination = 194.904

Path input pin resetn to DFFPOSX1_21/D delay 3070.86 ps
      0.0 ps           resetn:               ->   BUFX2_838/A
    223.6 ps  resetn_bF_buf11:   BUFX2_838/Y ->     INVX1_2/A
    504.3 ps           _4426_:     INVX1_2/Y ->  BUFX2_1282/A
    783.6 ps   _4426__bF_buf6:  BUFX2_1282/Y ->   NOR2X1_16/A
    905.8 ps           _4474_:   NOR2X1_16/Y ->  OAI21X1_34/C
    983.1 ps           _4630_:  OAI21X1_34/Y ->   NOR2X1_70/A
   1110.8 ps           _4631_:   NOR2X1_70/Y ->    INVX1_67/A
   1310.5 ps           _4632_:    INVX1_67/Y ->  BUFX2_1135/A
   1542.2 ps   _4632__bF_buf1:  BUFX2_1135/Y ->  NOR2X1_254/B
   1651.0 ps           _5705_:  NOR2X1_254/Y ->   INVX1_328/A
   1886.2 ps           _5706_:   INVX1_328/Y ->   BUFX2_654/A
   2183.8 ps  _5706__bF_buf11:   BUFX2_654/Y ->  NOR2X1_255/B
   2337.3 ps           _5707_:  NOR2X1_255/Y ->   BUFX2_196/A
   2512.9 ps   _5707__bF_buf2:   BUFX2_196/Y ->   INVX1_331/A
   2625.3 ps           _5715_:   INVX1_331/Y ->   BUFX2_475/A
   2789.4 ps   _5715__bF_buf3:   BUFX2_475/Y -> OAI21X1_467/B
   2876.0 ps            _238_: OAI21X1_467/Y -> DFFPOSX1_21/D

   setup at destination = 194.904

Path input pin resetn to DFFPOSX1_22/D delay 3070.86 ps
      0.0 ps           resetn:               ->   BUFX2_838/A
    223.6 ps  resetn_bF_buf11:   BUFX2_838/Y ->     INVX1_2/A
    504.3 ps           _4426_:     INVX1_2/Y ->  BUFX2_1282/A
    783.6 ps   _4426__bF_buf6:  BUFX2_1282/Y ->   NOR2X1_16/A
    905.8 ps           _4474_:   NOR2X1_16/Y ->  OAI21X1_34/C
    983.1 ps           _4630_:  OAI21X1_34/Y ->   NOR2X1_70/A
   1110.8 ps           _4631_:   NOR2X1_70/Y ->    INVX1_67/A
   1310.5 ps           _4632_:    INVX1_67/Y ->  BUFX2_1135/A
   1542.2 ps   _4632__bF_buf1:  BUFX2_1135/Y ->  NOR2X1_254/B
   1651.0 ps           _5705_:  NOR2X1_254/Y ->   INVX1_328/A
   1886.2 ps           _5706_:   INVX1_328/Y ->   BUFX2_654/A
   2183.8 ps  _5706__bF_buf11:   BUFX2_654/Y ->  NOR2X1_255/B
   2337.3 ps           _5707_:  NOR2X1_255/Y ->   BUFX2_196/A
   2512.9 ps   _5707__bF_buf2:   BUFX2_196/Y ->   INVX1_331/A
   2625.3 ps           _5715_:   INVX1_331/Y ->   BUFX2_476/A
   2789.4 ps   _5715__bF_buf2:   BUFX2_476/Y -> OAI21X1_469/B
   2876.0 ps            _239_: OAI21X1_469/Y -> DFFPOSX1_22/D

   setup at destination = 194.904

Path input pin resetn to DFFPOSX1_23/D delay 3070.86 ps
      0.0 ps           resetn:               ->   BUFX2_838/A
    223.6 ps  resetn_bF_buf11:   BUFX2_838/Y ->     INVX1_2/A
    504.3 ps           _4426_:     INVX1_2/Y ->  BUFX2_1282/A
    783.6 ps   _4426__bF_buf6:  BUFX2_1282/Y ->   NOR2X1_16/A
    905.8 ps           _4474_:   NOR2X1_16/Y ->  OAI21X1_34/C
    983.1 ps           _4630_:  OAI21X1_34/Y ->   NOR2X1_70/A
   1110.8 ps           _4631_:   NOR2X1_70/Y ->    INVX1_67/A
   1310.5 ps           _4632_:    INVX1_67/Y ->  BUFX2_1135/A
   1542.2 ps   _4632__bF_buf1:  BUFX2_1135/Y ->  NOR2X1_254/B
   1651.0 ps           _5705_:  NOR2X1_254/Y ->   INVX1_328/A
   1886.2 ps           _5706_:   INVX1_328/Y ->   BUFX2_654/A
   2183.8 ps  _5706__bF_buf11:   BUFX2_654/Y ->  NOR2X1_255/B
   2337.3 ps           _5707_:  NOR2X1_255/Y ->   BUFX2_196/A
   2512.9 ps   _5707__bF_buf2:   BUFX2_196/Y ->   INVX1_331/A
   2625.3 ps           _5715_:   INVX1_331/Y ->   BUFX2_477/A
   2789.4 ps   _5715__bF_buf1:   BUFX2_477/Y -> OAI21X1_471/B
   2876.0 ps            _240_: OAI21X1_471/Y -> DFFPOSX1_23/D

   setup at destination = 194.904

-----------------------------------------

