Vesta static timing analysis, register-to-register maximum timing

Top 20 maximum delay paths:
Path DFFPOSX1_724/CLK to DFFPOSX1_614/D delay 3240.56 ps
      0.0 ps     clk_bF_buf98:   CLKBUF1_39/Y -> DFFPOSX1_724/CLK
    256.3 ps   latched_branch: DFFPOSX1_724/Q ->  NAND2X1_616/A
    434.4 ps          _10103_:  NAND2X1_616/Y ->   BUFX2_1188/A
    642.1 ps  _10103__bF_buf1:   BUFX2_1188/Y -> OAI21X1_2193/B
    929.3 ps          _10192_: OAI21X1_2193/Y ->    INVX1_868/A
   1185.2 ps          _10196_:    INVX1_868/Y ->   NOR2X1_910/B
   1313.0 ps          _10197_:   NOR2X1_910/Y ->   NAND3X1_59/B
   1590.0 ps          _10233_:   NAND3X1_59/Y ->     OR2X2_24/A
   1790.2 ps          _10324_:     OR2X2_24/Y ->     NOR3X1_2/C
   1946.6 ps          _10442_:     NOR3X1_2/Y ->   NAND3X1_62/C
   2115.6 ps          _10482_:   NAND3X1_62/Y ->     NOR3X1_3/C
   2278.8 ps          _10664_:     NOR3X1_3/Y ->   NAND3X1_65/C
   2489.1 ps          _10677_:   NAND3X1_65/Y ->     NOR3X1_4/C
   2649.1 ps           _1132_:     NOR3X1_4/Y ->   NAND3X1_69/C
   2759.0 ps           _1179_:   NAND3X1_69/Y ->  AOI21X1_798/B
   2843.6 ps           _1184_:  AOI21X1_798/Y -> OAI21X1_2388/B
   2931.1 ps           _1186_: OAI21X1_2388/Y ->  AOI21X1_799/B
   2996.7 ps         _80__31_:  AOI21X1_799/Y -> DFFPOSX1_614/D

   clock skew at destination = 66.4563
   setup at destination = 177.448

Path DFFPOSX1_724/CLK to DFFPOSX1_613/D delay 3222.78 ps
      0.0 ps     clk_bF_buf98:   CLKBUF1_39/Y -> DFFPOSX1_724/CLK
    256.3 ps   latched_branch: DFFPOSX1_724/Q ->  NAND2X1_616/A
    434.4 ps          _10103_:  NAND2X1_616/Y ->   BUFX2_1188/A
    642.1 ps  _10103__bF_buf1:   BUFX2_1188/Y -> OAI21X1_2193/B
    929.3 ps          _10192_: OAI21X1_2193/Y ->    INVX1_868/A
   1185.2 ps          _10196_:    INVX1_868/Y ->   NOR2X1_910/B
   1313.0 ps          _10197_:   NOR2X1_910/Y ->   NAND3X1_59/B
   1590.0 ps          _10233_:   NAND3X1_59/Y ->     OR2X2_24/A
   1790.2 ps          _10324_:     OR2X2_24/Y ->     NOR3X1_2/C
   1946.6 ps          _10442_:     NOR3X1_2/Y ->   NAND3X1_62/C
   2115.6 ps          _10482_:   NAND3X1_62/Y ->     NOR3X1_3/C
   2278.8 ps          _10664_:     NOR3X1_3/Y ->   NAND3X1_65/C
   2489.1 ps          _10677_:   NAND3X1_65/Y ->     NOR3X1_4/C
   2649.1 ps           _1132_:     NOR3X1_4/Y -> OAI21X1_2376/A
   2750.6 ps           _1133_: OAI21X1_2376/Y ->  AOI21X1_788/C
   2825.5 ps           _1134_:  AOI21X1_788/Y -> OAI21X1_2380/B
   2913.3 ps           _1151_: OAI21X1_2380/Y ->  AOI21X1_791/B
   2978.9 ps         _80__30_:  AOI21X1_791/Y -> DFFPOSX1_613/D

   clock skew at destination = 66.4563
   setup at destination = 177.463

Path DFFPOSX1_713/CLK to DFFPOSX1_633/D delay 3212.44 ps
      0.0 ps   clk_bF_buf109:   CLKBUF1_28/Y -> DFFPOSX1_713/CLK
    224.2 ps       reg_sh_2_: DFFPOSX1_713/Q ->    NOR2X1_50/B
    314.6 ps          _4577_:    NOR2X1_50/Y ->     INVX1_50/A
    470.3 ps          _4578_:     INVX1_50/Y ->    NOR2X1_51/B
    618.9 ps          _4579_:    NOR2X1_51/Y ->   BUFX2_1024/A
    791.1 ps  _4579__bF_buf4:   BUFX2_1024/Y ->     INVX1_51/A
    924.7 ps          _4580_:     INVX1_51/Y ->    BUFX2_587/A
   1100.4 ps  _4580__bF_buf4:    BUFX2_587/Y ->    NOR2X1_52/B
   1234.3 ps          _4581_:    NOR2X1_52/Y ->   NAND2X1_24/B
   1502.2 ps          _4582_:   NAND2X1_24/Y ->     INVX1_52/A
   1689.7 ps          _4583_:     INVX1_52/Y ->    NOR2X1_53/B
   2179.0 ps          _4584_:    NOR2X1_53/Y ->    INVX1_644/A
   2404.3 ps          _7697_:    INVX1_644/Y ->   BUFX2_1310/A
   2575.8 ps  _7697__bF_buf3:   BUFX2_1310/Y ->      OR2X2_9/A
   2682.9 ps          _9024_:      OR2X2_9/Y ->   AND2X2_104/A
   2762.9 ps          _9027_:   AND2X2_104/Y -> OAI21X1_1763/C
   2819.0 ps          _9028_: OAI21X1_1763/Y ->   NOR2X1_752/A
   2892.4 ps          _9029_:   NOR2X1_752/Y ->   AOI22X1_81/C
   2963.0 ps        _81__18_:   AOI22X1_81/Y -> DFFPOSX1_633/D

   clock skew at destination = 66.4563
   setup at destination = 183.019

Path DFFPOSX1_713/CLK to DFFPOSX1_625/D delay 3176.35 ps
      0.0 ps   clk_bF_buf109:   CLKBUF1_28/Y -> DFFPOSX1_713/CLK
    224.2 ps       reg_sh_2_: DFFPOSX1_713/Q ->    NOR2X1_50/B
    314.6 ps          _4577_:    NOR2X1_50/Y ->     INVX1_50/A
    470.3 ps          _4578_:     INVX1_50/Y ->    NOR2X1_51/B
    618.9 ps          _4579_:    NOR2X1_51/Y ->   BUFX2_1024/A
    791.1 ps  _4579__bF_buf4:   BUFX2_1024/Y ->     INVX1_51/A
    924.7 ps          _4580_:     INVX1_51/Y ->    BUFX2_587/A
   1100.4 ps  _4580__bF_buf4:    BUFX2_587/Y ->    NOR2X1_52/B
   1234.3 ps          _4581_:    NOR2X1_52/Y ->   NAND2X1_24/B
   1502.2 ps          _4582_:   NAND2X1_24/Y ->     INVX1_52/A
   1689.7 ps          _4583_:     INVX1_52/Y ->    NOR2X1_53/B
   2179.0 ps          _4584_:    NOR2X1_53/Y ->    INVX1_644/A
   2404.3 ps          _7697_:    INVX1_644/Y ->   BUFX2_1311/A
   2562.8 ps  _7697__bF_buf2:   BUFX2_1311/Y -> OAI21X1_1524/A
   2654.3 ps          _8376_: OAI21X1_1524/Y ->  AOI21X1_412/C
   2718.8 ps          _8377_:  AOI21X1_412/Y -> OAI21X1_1525/C
   2781.8 ps          _8378_: OAI21X1_1525/Y ->   NOR2X1_660/A
   2856.0 ps          _8379_:   NOR2X1_660/Y ->   AOI22X1_63/C
   2926.7 ps        _81__10_:   AOI22X1_63/Y -> DFFPOSX1_625/D

   clock skew at destination = 66.4563
   setup at destination = 183.153

Path DFFPOSX1_713/CLK to DFFPOSX1_628/D delay 3160.11 ps
      0.0 ps   clk_bF_buf109:   CLKBUF1_28/Y -> DFFPOSX1_713/CLK
    224.2 ps       reg_sh_2_: DFFPOSX1_713/Q ->    NOR2X1_50/B
    314.6 ps          _4577_:    NOR2X1_50/Y ->     INVX1_50/A
    470.3 ps          _4578_:     INVX1_50/Y ->    NOR2X1_51/B
    618.9 ps          _4579_:    NOR2X1_51/Y ->   BUFX2_1024/A
    791.1 ps  _4579__bF_buf4:   BUFX2_1024/Y ->     INVX1_51/A
    924.7 ps          _4580_:     INVX1_51/Y ->    BUFX2_587/A
   1100.4 ps  _4580__bF_buf4:    BUFX2_587/Y ->    NOR2X1_52/B
   1234.3 ps          _4581_:    NOR2X1_52/Y ->   NAND2X1_24/B
   1502.2 ps          _4582_:   NAND2X1_24/Y ->     INVX1_52/A
   1689.7 ps          _4583_:     INVX1_52/Y ->    NOR2X1_53/B
   2179.0 ps          _4584_:    NOR2X1_53/Y ->    INVX1_644/A
   2404.3 ps          _7697_:    INVX1_644/Y ->   BUFX2_1310/A
   2575.8 ps  _7697__bF_buf3:   BUFX2_1310/Y -> OAI21X1_1613/A
   2670.1 ps          _8615_: OAI21X1_1613/Y ->  AOI21X1_449/C
   2735.1 ps          _8616_:  AOI21X1_449/Y -> OAI21X1_1614/C
   2800.4 ps          _8617_: OAI21X1_1614/Y ->  AOI21X1_450/C
   2870.7 ps          _8618_:  AOI21X1_450/Y ->   AOI22X1_69/C
   2941.8 ps        _81__13_:   AOI22X1_69/Y -> DFFPOSX1_628/D

   clock skew at destination = 35.038
   setup at destination = 183.314

Path DFFPOSX1_998/CLK to DFFPOSX1_17/D delay 3157.06 ps
      0.0 ps          clk_bF_buf98:   CLKBUF1_39/Y -> DFFPOSX1_998/CLK
    225.7 ps          cpu_state_1_: DFFPOSX1_998/Q ->    BUFX2_708/A
    406.0 ps  cpu_state_1_bF_buf5_:    BUFX2_708/Y ->      INVX1_6/A
    593.8 ps                _4431_:      INVX1_6/Y ->    BUFX2_373/A
    821.2 ps        _4431__bF_buf6:    BUFX2_373/Y ->    NOR2X1_16/B
    929.7 ps                _4474_:    NOR2X1_16/Y ->   OAI21X1_34/C
   1006.6 ps                _4630_:   OAI21X1_34/Y ->    NOR2X1_70/A
   1134.3 ps                _4631_:    NOR2X1_70/Y ->     INVX1_67/A
   1334.0 ps                _4632_:     INVX1_67/Y ->   BUFX2_1135/A
   1565.7 ps        _4632__bF_buf1:   BUFX2_1135/Y ->   NOR2X1_254/B
   1674.5 ps                _5705_:   NOR2X1_254/Y ->    INVX1_328/A
   1909.6 ps                _5706_:    INVX1_328/Y ->    BUFX2_654/A
   2207.2 ps       _5706__bF_buf11:    BUFX2_654/Y ->   NOR2X1_255/B
   2360.7 ps                _5707_:   NOR2X1_255/Y ->    BUFX2_196/A
   2536.3 ps        _5707__bF_buf2:    BUFX2_196/Y ->    INVX1_331/A
   2648.8 ps                _5715_:    INVX1_331/Y ->    BUFX2_475/A
   2812.8 ps        _5715__bF_buf3:    BUFX2_475/Y ->  OAI21X1_459/B
   2899.4 ps                 _234_:  OAI21X1_459/Y ->  DFFPOSX1_17/D

   clock skew at destination = 66.4563
   setup at destination = 191.197

Path DFFPOSX1_998/CLK to DFFPOSX1_18/D delay 3157.06 ps
      0.0 ps          clk_bF_buf98:   CLKBUF1_39/Y -> DFFPOSX1_998/CLK
    225.7 ps          cpu_state_1_: DFFPOSX1_998/Q ->    BUFX2_708/A
    406.0 ps  cpu_state_1_bF_buf5_:    BUFX2_708/Y ->      INVX1_6/A
    593.8 ps                _4431_:      INVX1_6/Y ->    BUFX2_373/A
    821.2 ps        _4431__bF_buf6:    BUFX2_373/Y ->    NOR2X1_16/B
    929.7 ps                _4474_:    NOR2X1_16/Y ->   OAI21X1_34/C
   1006.6 ps                _4630_:   OAI21X1_34/Y ->    NOR2X1_70/A
   1134.3 ps                _4631_:    NOR2X1_70/Y ->     INVX1_67/A
   1334.0 ps                _4632_:     INVX1_67/Y ->   BUFX2_1135/A
   1565.7 ps        _4632__bF_buf1:   BUFX2_1135/Y ->   NOR2X1_254/B
   1674.5 ps                _5705_:   NOR2X1_254/Y ->    INVX1_328/A
   1909.6 ps                _5706_:    INVX1_328/Y ->    BUFX2_654/A
   2207.2 ps       _5706__bF_buf11:    BUFX2_654/Y ->   NOR2X1_255/B
   2360.7 ps                _5707_:   NOR2X1_255/Y ->    BUFX2_196/A
   2536.3 ps        _5707__bF_buf2:    BUFX2_196/Y ->    INVX1_331/A
   2648.8 ps                _5715_:    INVX1_331/Y ->    BUFX2_476/A
   2812.8 ps        _5715__bF_buf2:    BUFX2_476/Y ->  OAI21X1_461/B
   2899.4 ps                 _235_:  OAI21X1_461/Y ->  DFFPOSX1_18/D

   clock skew at destination = 66.4563
   setup at destination = 191.197

Path DFFPOSX1_998/CLK to DFFPOSX1_19/D delay 3157.06 ps
      0.0 ps          clk_bF_buf98:   CLKBUF1_39/Y -> DFFPOSX1_998/CLK
    225.7 ps          cpu_state_1_: DFFPOSX1_998/Q ->    BUFX2_708/A
    406.0 ps  cpu_state_1_bF_buf5_:    BUFX2_708/Y ->      INVX1_6/A
    593.8 ps                _4431_:      INVX1_6/Y ->    BUFX2_373/A
    821.2 ps        _4431__bF_buf6:    BUFX2_373/Y ->    NOR2X1_16/B
    929.7 ps                _4474_:    NOR2X1_16/Y ->   OAI21X1_34/C
   1006.6 ps                _4630_:   OAI21X1_34/Y ->    NOR2X1_70/A
   1134.3 ps                _4631_:    NOR2X1_70/Y ->     INVX1_67/A
   1334.0 ps                _4632_:     INVX1_67/Y ->   BUFX2_1135/A
   1565.7 ps        _4632__bF_buf1:   BUFX2_1135/Y ->   NOR2X1_254/B
   1674.5 ps                _5705_:   NOR2X1_254/Y ->    INVX1_328/A
   1909.6 ps                _5706_:    INVX1_328/Y ->    BUFX2_654/A
   2207.2 ps       _5706__bF_buf11:    BUFX2_654/Y ->   NOR2X1_255/B
   2360.7 ps                _5707_:   NOR2X1_255/Y ->    BUFX2_196/A
   2536.3 ps        _5707__bF_buf2:    BUFX2_196/Y ->    INVX1_331/A
   2648.8 ps                _5715_:    INVX1_331/Y ->    BUFX2_477/A
   2812.8 ps        _5715__bF_buf1:    BUFX2_477/Y ->  OAI21X1_463/B
   2899.4 ps                 _236_:  OAI21X1_463/Y ->  DFFPOSX1_19/D

   clock skew at destination = 66.4563
   setup at destination = 191.197

Path DFFPOSX1_998/CLK to DFFPOSX1_20/D delay 3157.06 ps
      0.0 ps          clk_bF_buf98:   CLKBUF1_39/Y -> DFFPOSX1_998/CLK
    225.7 ps          cpu_state_1_: DFFPOSX1_998/Q ->    BUFX2_708/A
    406.0 ps  cpu_state_1_bF_buf5_:    BUFX2_708/Y ->      INVX1_6/A
    593.8 ps                _4431_:      INVX1_6/Y ->    BUFX2_373/A
    821.2 ps        _4431__bF_buf6:    BUFX2_373/Y ->    NOR2X1_16/B
    929.7 ps                _4474_:    NOR2X1_16/Y ->   OAI21X1_34/C
   1006.6 ps                _4630_:   OAI21X1_34/Y ->    NOR2X1_70/A
   1134.3 ps                _4631_:    NOR2X1_70/Y ->     INVX1_67/A
   1334.0 ps                _4632_:     INVX1_67/Y ->   BUFX2_1135/A
   1565.7 ps        _4632__bF_buf1:   BUFX2_1135/Y ->   NOR2X1_254/B
   1674.5 ps                _5705_:   NOR2X1_254/Y ->    INVX1_328/A
   1909.6 ps                _5706_:    INVX1_328/Y ->    BUFX2_654/A
   2207.2 ps       _5706__bF_buf11:    BUFX2_654/Y ->   NOR2X1_255/B
   2360.7 ps                _5707_:   NOR2X1_255/Y ->    BUFX2_196/A
   2536.3 ps        _5707__bF_buf2:    BUFX2_196/Y ->    INVX1_331/A
   2648.8 ps                _5715_:    INVX1_331/Y ->    BUFX2_478/A
   2812.8 ps        _5715__bF_buf0:    BUFX2_478/Y ->  OAI21X1_465/B
   2899.4 ps                 _237_:  OAI21X1_465/Y ->  DFFPOSX1_20/D

   clock skew at destination = 66.4563
   setup at destination = 191.197

Path DFFPOSX1_998/CLK to DFFPOSX1_21/D delay 3157.06 ps
      0.0 ps          clk_bF_buf98:   CLKBUF1_39/Y -> DFFPOSX1_998/CLK
    225.7 ps          cpu_state_1_: DFFPOSX1_998/Q ->    BUFX2_708/A
    406.0 ps  cpu_state_1_bF_buf5_:    BUFX2_708/Y ->      INVX1_6/A
    593.8 ps                _4431_:      INVX1_6/Y ->    BUFX2_373/A
    821.2 ps        _4431__bF_buf6:    BUFX2_373/Y ->    NOR2X1_16/B
    929.7 ps                _4474_:    NOR2X1_16/Y ->   OAI21X1_34/C
   1006.6 ps                _4630_:   OAI21X1_34/Y ->    NOR2X1_70/A
   1134.3 ps                _4631_:    NOR2X1_70/Y ->     INVX1_67/A
   1334.0 ps                _4632_:     INVX1_67/Y ->   BUFX2_1135/A
   1565.7 ps        _4632__bF_buf1:   BUFX2_1135/Y ->   NOR2X1_254/B
   1674.5 ps                _5705_:   NOR2X1_254/Y ->    INVX1_328/A
   1909.6 ps                _5706_:    INVX1_328/Y ->    BUFX2_654/A
   2207.2 ps       _5706__bF_buf11:    BUFX2_654/Y ->   NOR2X1_255/B
   2360.7 ps                _5707_:   NOR2X1_255/Y ->    BUFX2_196/A
   2536.3 ps        _5707__bF_buf2:    BUFX2_196/Y ->    INVX1_331/A
   2648.8 ps                _5715_:    INVX1_331/Y ->    BUFX2_475/A
   2812.8 ps        _5715__bF_buf3:    BUFX2_475/Y ->  OAI21X1_467/B
   2899.4 ps                 _238_:  OAI21X1_467/Y ->  DFFPOSX1_21/D

   clock skew at destination = 66.4563
   setup at destination = 191.197

Path DFFPOSX1_998/CLK to DFFPOSX1_22/D delay 3157.06 ps
      0.0 ps          clk_bF_buf98:   CLKBUF1_39/Y -> DFFPOSX1_998/CLK
    225.7 ps          cpu_state_1_: DFFPOSX1_998/Q ->    BUFX2_708/A
    406.0 ps  cpu_state_1_bF_buf5_:    BUFX2_708/Y ->      INVX1_6/A
    593.8 ps                _4431_:      INVX1_6/Y ->    BUFX2_373/A
    821.2 ps        _4431__bF_buf6:    BUFX2_373/Y ->    NOR2X1_16/B
    929.7 ps                _4474_:    NOR2X1_16/Y ->   OAI21X1_34/C
   1006.6 ps                _4630_:   OAI21X1_34/Y ->    NOR2X1_70/A
   1134.3 ps                _4631_:    NOR2X1_70/Y ->     INVX1_67/A
   1334.0 ps                _4632_:     INVX1_67/Y ->   BUFX2_1135/A
   1565.7 ps        _4632__bF_buf1:   BUFX2_1135/Y ->   NOR2X1_254/B
   1674.5 ps                _5705_:   NOR2X1_254/Y ->    INVX1_328/A
   1909.6 ps                _5706_:    INVX1_328/Y ->    BUFX2_654/A
   2207.2 ps       _5706__bF_buf11:    BUFX2_654/Y ->   NOR2X1_255/B
   2360.7 ps                _5707_:   NOR2X1_255/Y ->    BUFX2_196/A
   2536.3 ps        _5707__bF_buf2:    BUFX2_196/Y ->    INVX1_331/A
   2648.8 ps                _5715_:    INVX1_331/Y ->    BUFX2_476/A
   2812.8 ps        _5715__bF_buf2:    BUFX2_476/Y ->  OAI21X1_469/B
   2899.4 ps                 _239_:  OAI21X1_469/Y ->  DFFPOSX1_22/D

   clock skew at destination = 66.4563
   setup at destination = 191.197

Path DFFPOSX1_998/CLK to DFFPOSX1_28/D delay 3157.06 ps
      0.0 ps          clk_bF_buf98:   CLKBUF1_39/Y -> DFFPOSX1_998/CLK
    225.7 ps          cpu_state_1_: DFFPOSX1_998/Q ->    BUFX2_708/A
    406.0 ps  cpu_state_1_bF_buf5_:    BUFX2_708/Y ->      INVX1_6/A
    593.8 ps                _4431_:      INVX1_6/Y ->    BUFX2_373/A
    821.2 ps        _4431__bF_buf6:    BUFX2_373/Y ->    NOR2X1_16/B
    929.7 ps                _4474_:    NOR2X1_16/Y ->   OAI21X1_34/C
   1006.6 ps                _4630_:   OAI21X1_34/Y ->    NOR2X1_70/A
   1134.3 ps                _4631_:    NOR2X1_70/Y ->     INVX1_67/A
   1334.0 ps                _4632_:     INVX1_67/Y ->   BUFX2_1135/A
   1565.7 ps        _4632__bF_buf1:   BUFX2_1135/Y ->   NOR2X1_254/B
   1674.5 ps                _5705_:   NOR2X1_254/Y ->    INVX1_328/A
   1909.6 ps                _5706_:    INVX1_328/Y ->    BUFX2_654/A
   2207.2 ps       _5706__bF_buf11:    BUFX2_654/Y ->   NOR2X1_255/B
   2360.7 ps                _5707_:   NOR2X1_255/Y ->    BUFX2_196/A
   2536.3 ps        _5707__bF_buf2:    BUFX2_196/Y ->    INVX1_331/A
   2648.8 ps                _5715_:    INVX1_331/Y ->    BUFX2_478/A
   2812.8 ps        _5715__bF_buf0:    BUFX2_478/Y ->  OAI21X1_481/B
   2899.4 ps                 _245_:  OAI21X1_481/Y ->  DFFPOSX1_28/D

   clock skew at destination = 66.4563
   setup at destination = 191.197

Path DFFPOSX1_998/CLK to DFFPOSX1_29/D delay 3157.06 ps
      0.0 ps          clk_bF_buf98:   CLKBUF1_39/Y -> DFFPOSX1_998/CLK
    225.7 ps          cpu_state_1_: DFFPOSX1_998/Q ->    BUFX2_708/A
    406.0 ps  cpu_state_1_bF_buf5_:    BUFX2_708/Y ->      INVX1_6/A
    593.8 ps                _4431_:      INVX1_6/Y ->    BUFX2_373/A
    821.2 ps        _4431__bF_buf6:    BUFX2_373/Y ->    NOR2X1_16/B
    929.7 ps                _4474_:    NOR2X1_16/Y ->   OAI21X1_34/C
   1006.6 ps                _4630_:   OAI21X1_34/Y ->    NOR2X1_70/A
   1134.3 ps                _4631_:    NOR2X1_70/Y ->     INVX1_67/A
   1334.0 ps                _4632_:     INVX1_67/Y ->   BUFX2_1135/A
   1565.7 ps        _4632__bF_buf1:   BUFX2_1135/Y ->   NOR2X1_254/B
   1674.5 ps                _5705_:   NOR2X1_254/Y ->    INVX1_328/A
   1909.6 ps                _5706_:    INVX1_328/Y ->    BUFX2_654/A
   2207.2 ps       _5706__bF_buf11:    BUFX2_654/Y ->   NOR2X1_255/B
   2360.7 ps                _5707_:   NOR2X1_255/Y ->    BUFX2_196/A
   2536.3 ps        _5707__bF_buf2:    BUFX2_196/Y ->    INVX1_331/A
   2648.8 ps                _5715_:    INVX1_331/Y ->    BUFX2_475/A
   2812.8 ps        _5715__bF_buf3:    BUFX2_475/Y ->  OAI21X1_483/B
   2899.4 ps                 _246_:  OAI21X1_483/Y ->  DFFPOSX1_29/D

   clock skew at destination = 66.4563
   setup at destination = 191.197

Path DFFPOSX1_998/CLK to DFFPOSX1_30/D delay 3157.06 ps
      0.0 ps          clk_bF_buf98:   CLKBUF1_39/Y -> DFFPOSX1_998/CLK
    225.7 ps          cpu_state_1_: DFFPOSX1_998/Q ->    BUFX2_708/A
    406.0 ps  cpu_state_1_bF_buf5_:    BUFX2_708/Y ->      INVX1_6/A
    593.8 ps                _4431_:      INVX1_6/Y ->    BUFX2_373/A
    821.2 ps        _4431__bF_buf6:    BUFX2_373/Y ->    NOR2X1_16/B
    929.7 ps                _4474_:    NOR2X1_16/Y ->   OAI21X1_34/C
   1006.6 ps                _4630_:   OAI21X1_34/Y ->    NOR2X1_70/A
   1134.3 ps                _4631_:    NOR2X1_70/Y ->     INVX1_67/A
   1334.0 ps                _4632_:     INVX1_67/Y ->   BUFX2_1135/A
   1565.7 ps        _4632__bF_buf1:   BUFX2_1135/Y ->   NOR2X1_254/B
   1674.5 ps                _5705_:   NOR2X1_254/Y ->    INVX1_328/A
   1909.6 ps                _5706_:    INVX1_328/Y ->    BUFX2_654/A
   2207.2 ps       _5706__bF_buf11:    BUFX2_654/Y ->   NOR2X1_255/B
   2360.7 ps                _5707_:   NOR2X1_255/Y ->    BUFX2_196/A
   2536.3 ps        _5707__bF_buf2:    BUFX2_196/Y ->    INVX1_331/A
   2648.8 ps                _5715_:    INVX1_331/Y ->    BUFX2_476/A
   2812.8 ps        _5715__bF_buf2:    BUFX2_476/Y ->  OAI21X1_485/B
   2899.4 ps                 _247_:  OAI21X1_485/Y ->  DFFPOSX1_30/D

   clock skew at destination = 66.4563
   setup at destination = 191.197

Path DFFPOSX1_998/CLK to DFFPOSX1_32/D delay 3157.06 ps
      0.0 ps          clk_bF_buf98:   CLKBUF1_39/Y -> DFFPOSX1_998/CLK
    225.7 ps          cpu_state_1_: DFFPOSX1_998/Q ->    BUFX2_708/A
    406.0 ps  cpu_state_1_bF_buf5_:    BUFX2_708/Y ->      INVX1_6/A
    593.8 ps                _4431_:      INVX1_6/Y ->    BUFX2_373/A
    821.2 ps        _4431__bF_buf6:    BUFX2_373/Y ->    NOR2X1_16/B
    929.7 ps                _4474_:    NOR2X1_16/Y ->   OAI21X1_34/C
   1006.6 ps                _4630_:   OAI21X1_34/Y ->    NOR2X1_70/A
   1134.3 ps                _4631_:    NOR2X1_70/Y ->     INVX1_67/A
   1334.0 ps                _4632_:     INVX1_67/Y ->   BUFX2_1135/A
   1565.7 ps        _4632__bF_buf1:   BUFX2_1135/Y ->   NOR2X1_254/B
   1674.5 ps                _5705_:   NOR2X1_254/Y ->    INVX1_328/A
   1909.6 ps                _5706_:    INVX1_328/Y ->    BUFX2_654/A
   2207.2 ps       _5706__bF_buf11:    BUFX2_654/Y ->   NOR2X1_255/B
   2360.7 ps                _5707_:   NOR2X1_255/Y ->    BUFX2_196/A
   2536.3 ps        _5707__bF_buf2:    BUFX2_196/Y ->    INVX1_331/A
   2648.8 ps                _5715_:    INVX1_331/Y ->    BUFX2_478/A
   2812.8 ps        _5715__bF_buf0:    BUFX2_478/Y ->  OAI21X1_489/B
   2899.4 ps                 _249_:  OAI21X1_489/Y ->  DFFPOSX1_32/D

   clock skew at destination = 66.4563
   setup at destination = 191.197

Path DFFPOSX1_998/CLK to DFFPOSX1_31/D delay 3157.06 ps
      0.0 ps          clk_bF_buf98:   CLKBUF1_39/Y -> DFFPOSX1_998/CLK
    225.7 ps          cpu_state_1_: DFFPOSX1_998/Q ->    BUFX2_708/A
    406.0 ps  cpu_state_1_bF_buf5_:    BUFX2_708/Y ->      INVX1_6/A
    593.8 ps                _4431_:      INVX1_6/Y ->    BUFX2_373/A
    821.2 ps        _4431__bF_buf6:    BUFX2_373/Y ->    NOR2X1_16/B
    929.7 ps                _4474_:    NOR2X1_16/Y ->   OAI21X1_34/C
   1006.6 ps                _4630_:   OAI21X1_34/Y ->    NOR2X1_70/A
   1134.3 ps                _4631_:    NOR2X1_70/Y ->     INVX1_67/A
   1334.0 ps                _4632_:     INVX1_67/Y ->   BUFX2_1135/A
   1565.7 ps        _4632__bF_buf1:   BUFX2_1135/Y ->   NOR2X1_254/B
   1674.5 ps                _5705_:   NOR2X1_254/Y ->    INVX1_328/A
   1909.6 ps                _5706_:    INVX1_328/Y ->    BUFX2_654/A
   2207.2 ps       _5706__bF_buf11:    BUFX2_654/Y ->   NOR2X1_255/B
   2360.7 ps                _5707_:   NOR2X1_255/Y ->    BUFX2_196/A
   2536.3 ps        _5707__bF_buf2:    BUFX2_196/Y ->    INVX1_331/A
   2648.8 ps                _5715_:    INVX1_331/Y ->    BUFX2_477/A
   2812.8 ps        _5715__bF_buf1:    BUFX2_477/Y ->  OAI21X1_487/B
   2899.4 ps                 _248_:  OAI21X1_487/Y ->  DFFPOSX1_31/D

   clock skew at destination = 66.4563
   setup at destination = 191.197

Path DFFPOSX1_713/CLK to DFFPOSX1_636/D delay 3152.52 ps
      0.0 ps   clk_bF_buf109:   CLKBUF1_28/Y -> DFFPOSX1_713/CLK
    224.2 ps       reg_sh_2_: DFFPOSX1_713/Q ->    NOR2X1_50/B
    314.6 ps          _4577_:    NOR2X1_50/Y ->     INVX1_50/A
    470.3 ps          _4578_:     INVX1_50/Y ->    NOR2X1_51/B
    618.9 ps          _4579_:    NOR2X1_51/Y ->   BUFX2_1024/A
    791.1 ps  _4579__bF_buf4:   BUFX2_1024/Y ->     INVX1_51/A
    924.7 ps          _4580_:     INVX1_51/Y ->    BUFX2_587/A
   1100.4 ps  _4580__bF_buf4:    BUFX2_587/Y ->    NOR2X1_52/B
   1234.3 ps          _4581_:    NOR2X1_52/Y ->   NAND2X1_24/B
   1502.2 ps          _4582_:   NAND2X1_24/Y ->     INVX1_52/A
   1689.7 ps          _4583_:     INVX1_52/Y ->    NOR2X1_53/B
   2179.0 ps          _4584_:    NOR2X1_53/Y ->    INVX1_644/A
   2404.3 ps          _7697_:    INVX1_644/Y ->   BUFX2_1312/A
   2562.8 ps  _7697__bF_buf1:   BUFX2_1312/Y -> OAI21X1_1852/A
   2652.3 ps          _9266_: OAI21X1_1852/Y ->     OR2X2_13/B
   2762.2 ps          _9267_:     OR2X2_13/Y ->   NOR2X1_786/A
   2833.6 ps          _9268_:   NOR2X1_786/Y ->   AOI22X1_88/C
   2903.4 ps        _81__21_:   AOI22X1_88/Y -> DFFPOSX1_636/D

   clock skew at destination = 66.4563
   setup at destination = 182.635

Path DFFPOSX1_713/CLK to DFFPOSX1_642/D delay 3147.37 ps
      0.0 ps   clk_bF_buf109:   CLKBUF1_28/Y -> DFFPOSX1_713/CLK
    224.2 ps       reg_sh_2_: DFFPOSX1_713/Q ->    NOR2X1_50/B
    314.6 ps          _4577_:    NOR2X1_50/Y ->     INVX1_50/A
    470.3 ps          _4578_:     INVX1_50/Y ->    NOR2X1_51/B
    618.9 ps          _4579_:    NOR2X1_51/Y ->   BUFX2_1024/A
    791.1 ps  _4579__bF_buf4:   BUFX2_1024/Y ->     INVX1_51/A
    924.7 ps          _4580_:     INVX1_51/Y ->    BUFX2_587/A
   1100.4 ps  _4580__bF_buf4:    BUFX2_587/Y ->    NOR2X1_52/B
   1234.3 ps          _4581_:    NOR2X1_52/Y ->   NAND2X1_24/B
   1502.2 ps          _4582_:   NAND2X1_24/Y ->     INVX1_52/A
   1689.7 ps          _4583_:     INVX1_52/Y ->    NOR2X1_53/B
   2179.0 ps          _4584_:    NOR2X1_53/Y ->    INVX1_644/A
   2404.3 ps          _7697_:    INVX1_644/Y ->   BUFX2_1311/A
   2562.8 ps  _7697__bF_buf2:   BUFX2_1311/Y -> OAI21X1_2045/A
   2652.3 ps          _9761_: OAI21X1_2045/Y ->     OR2X2_17/B
   2763.5 ps          _9762_:     OR2X2_17/Y ->  AOI21X1_656/C
   2828.8 ps          _9763_:  AOI21X1_656/Y ->   AOI22X1_98/C
   2898.4 ps        _81__27_:   AOI22X1_98/Y -> DFFPOSX1_642/D

   clock skew at destination = 66.4563
   setup at destination = 182.478

Path DFFPOSX1_713/CLK to DFFPOSX1_644/D delay 3147.37 ps
      0.0 ps   clk_bF_buf109:   CLKBUF1_28/Y -> DFFPOSX1_713/CLK
    224.2 ps       reg_sh_2_: DFFPOSX1_713/Q ->    NOR2X1_50/B
    314.6 ps          _4577_:    NOR2X1_50/Y ->     INVX1_50/A
    470.3 ps          _4578_:     INVX1_50/Y ->    NOR2X1_51/B
    618.9 ps          _4579_:    NOR2X1_51/Y ->   BUFX2_1024/A
    791.1 ps  _4579__bF_buf4:   BUFX2_1024/Y ->     INVX1_51/A
    924.7 ps          _4580_:     INVX1_51/Y ->    BUFX2_587/A
   1100.4 ps  _4580__bF_buf4:    BUFX2_587/Y ->    NOR2X1_52/B
   1234.3 ps          _4581_:    NOR2X1_52/Y ->   NAND2X1_24/B
   1502.2 ps          _4582_:   NAND2X1_24/Y ->     INVX1_52/A
   1689.7 ps          _4583_:     INVX1_52/Y ->    NOR2X1_53/B
   2179.0 ps          _4584_:    NOR2X1_53/Y ->    INVX1_644/A
   2404.3 ps          _7697_:    INVX1_644/Y ->   BUFX2_1312/A
   2562.8 ps  _7697__bF_buf1:   BUFX2_1312/Y -> OAI21X1_2107/A
   2652.3 ps          _9937_: OAI21X1_2107/Y ->     OR2X2_21/B
   2763.5 ps          _9938_:     OR2X2_21/Y ->  AOI21X1_683/C
   2828.8 ps          _9939_:  AOI21X1_683/Y ->  AOI22X1_102/C
   2898.4 ps        _81__29_:  AOI22X1_102/Y -> DFFPOSX1_644/D

   clock skew at destination = 66.4563
   setup at destination = 182.478

Path DFFPOSX1_713/CLK to DFFPOSX1_626/D delay 3144.92 ps
      0.0 ps   clk_bF_buf109:   CLKBUF1_28/Y -> DFFPOSX1_713/CLK
    224.2 ps       reg_sh_2_: DFFPOSX1_713/Q ->    NOR2X1_50/B
    314.6 ps          _4577_:    NOR2X1_50/Y ->     INVX1_50/A
    470.3 ps          _4578_:     INVX1_50/Y ->    NOR2X1_51/B
    618.9 ps          _4579_:    NOR2X1_51/Y ->   BUFX2_1024/A
    791.1 ps  _4579__bF_buf4:   BUFX2_1024/Y ->     INVX1_51/A
    924.7 ps          _4580_:     INVX1_51/Y ->    BUFX2_587/A
   1100.4 ps  _4580__bF_buf4:    BUFX2_587/Y ->    NOR2X1_52/B
   1234.3 ps          _4581_:    NOR2X1_52/Y ->   NAND2X1_24/B
   1502.2 ps          _4582_:   NAND2X1_24/Y ->     INVX1_52/A
   1689.7 ps          _4583_:     INVX1_52/Y ->    NOR2X1_53/B
   2179.0 ps          _4584_:    NOR2X1_53/Y ->    INVX1_644/A
   2404.3 ps          _7697_:    INVX1_644/Y ->   BUFX2_1312/A
   2562.8 ps  _7697__bF_buf1:   BUFX2_1312/Y -> OAI21X1_1553/A
   2654.3 ps          _8451_: OAI21X1_1553/Y ->  AOI21X1_425/C
   2718.8 ps          _8452_:  AOI21X1_425/Y -> OAI21X1_1554/C
   2781.8 ps          _8453_: OAI21X1_1554/Y ->   NOR2X1_669/A
   2856.0 ps          _8454_:   NOR2X1_669/Y ->   AOI22X1_65/C
   2926.7 ps        _81__11_:   AOI22X1_65/Y -> DFFPOSX1_626/D

   clock skew at destination = 35.038
   setup at destination = 183.144

Computed maximum clock frequency (zero margin) = 308.589 MHz
-----------------------------------------

